<?xml version="1.0" encoding="UTF-8" ?>
<testsuite tests="11" failures="0" name="SmokeTest" time="53.489" errors="0" skipped="0">
  <properties>
[...]
</properties>
  <testcase classname="to personal cabinet #1" name="login to kpfu site" time="11.877"/>
  <testcase classname="to personal cabinet #1" name="to personal cabinet" time="0.861"/>
  <testcase classname="download document" name="login to kpfu site" time="3.743"/>
  <testcase classname="download document" name="to service page" time="1.747"/>
  <testcase classname="download document" name="download document" time="2.102"/>
  <testcase classname="to personal cabinet #2" name="login to kpfu site" time="2.785"/>
  <testcase classname="to personal cabinet #2" name="to personal cabinet" time="2.359"/>
  <testcase classname="upload profile image" name="login to kpfu site" time="4.405"/>
  <testcase classname="upload profile image" name="to personal cabinet" time="2.955"/>
  <testcase classname="upload profile image" name="delete profile image" time="3.549"/>
  <testcase classname="upload profile image" name="upload profile image" time="17.106"/>
</testsuite>